  Activity.cpp
  Algorithm.cpp
c:\gihyu\codes\vsworkspace\gateassignment\gateassignment\algorithm.cpp(516): warning C4267: “初始化”: 从“size_t”转换到“int”，可能丢失数据
c:\gihyu\codes\vsworkspace\gateassignment\gateassignment\algorithm.cpp(521): warning C4267: “初始化”: 从“size_t”转换到“int”，可能丢失数据
c:\gihyu\codes\vsworkspace\gateassignment\gateassignment\algorithm.cpp(568): warning C4267: “=”: 从“size_t”转换到“int”，可能丢失数据
c:\gihyu\codes\vsworkspace\gateassignment\gateassignment\algorithm.cpp(643): warning C4267: “初始化”: 从“size_t”转换到“int”，可能丢失数据
  ARC.cpp
  BetterSDRSset.cpp
  Cluster.cpp
  IO.cpp
c:\gihyu\codes\vsworkspace\gateassignment\gateassignment\io.cpp(272): warning C4267: “参数”: 从“size_t”转换到“int”，可能丢失数据
c:\gihyu\codes\vsworkspace\gateassignment\gateassignment\io.cpp(352): warning C4267: “初始化”: 从“size_t”转换到“int”，可能丢失数据
c:\gihyu\codes\vsworkspace\gateassignment\gateassignment\io.cpp(367): warning C4267: “参数”: 从“size_t”转换到“int”，可能丢失数据
  main.cpp
  Model.cpp
  Node.cpp
  Operation.cpp
  Stand.cpp
  Util.cpp
  正在生成代码
  All 1430 functions were compiled because no usable IPDB/IOBJ from previous compilation was found.
  已完成代码的生成
concert.lib(ilosstructi.obj) : warning LNK4099: 未找到 PDB“concert.pdb”(使用“concert.lib(ilosstructi.obj)”或在“C:\gihyu\codes\vsWorkSpace\GateAssignment\x64\Release\concert.pdb”中寻找)；正在链接对象，如同没有调试信息一样
concert.lib(ilohash.obj) : warning LNK4099: 未找到 PDB“concert.pdb”(使用“concert.lib(ilohash.obj)”或在“C:\gihyu\codes\vsWorkSpace\GateAssignment\x64\Release\concert.pdb”中寻找)；正在链接对象，如同没有调试信息一样
concert.lib(iloalg.obj) : warning LNK4099: 未找到 PDB“concert.pdb”(使用“concert.lib(iloalg.obj)”或在“C:\gihyu\codes\vsWorkSpace\GateAssignment\x64\Release\concert.pdb”中寻找)；正在链接对象，如同没有调试信息一样
concert.lib(iloenv.obj) : warning LNK4099: 未找到 PDB“concert.pdb”(使用“concert.lib(iloenv.obj)”或在“C:\gihyu\codes\vsWorkSpace\GateAssignment\x64\Release\concert.pdb”中寻找)；正在链接对象，如同没有调试信息一样
concert.lib(ilostimei.obj) : warning LNK4099: 未找到 PDB“concert.pdb”(使用“concert.lib(ilostimei.obj)”或在“C:\gihyu\codes\vsWorkSpace\GateAssignment\x64\Release\concert.pdb”中寻找)；正在链接对象，如同没有调试信息一样
concert.lib(iloallocator.obj) : warning LNK4099: 未找到 PDB“concert.pdb”(使用“concert.lib(iloallocator.obj)”或在“C:\gihyu\codes\vsWorkSpace\GateAssignment\x64\Release\concert.pdb”中寻找)；正在链接对象，如同没有调试信息一样
concert.lib(ilosatomi.obj) : warning LNK4099: 未找到 PDB“concert.pdb”(使用“concert.lib(ilosatomi.obj)”或在“C:\gihyu\codes\vsWorkSpace\GateAssignment\x64\Release\concert.pdb”中寻找)；正在链接对象，如同没有调试信息一样
concert.lib(iloserror.obj) : warning LNK4099: 未找到 PDB“concert.pdb”(使用“concert.lib(iloserror.obj)”或在“C:\gihyu\codes\vsWorkSpace\GateAssignment\x64\Release\concert.pdb”中寻找)；正在链接对象，如同没有调试信息一样
concert.lib(ilosdisplayi.obj) : warning LNK4099: 未找到 PDB“concert.pdb”(使用“concert.lib(ilosdisplayi.obj)”或在“C:\gihyu\codes\vsWorkSpace\GateAssignment\x64\Release\concert.pdb”中寻找)；正在链接对象，如同没有调试信息一样
concert.lib(ilorandom.obj) : warning LNK4099: 未找到 PDB“concert.pdb”(使用“concert.lib(ilorandom.obj)”或在“C:\gihyu\codes\vsWorkSpace\GateAssignment\x64\Release\concert.pdb”中寻找)；正在链接对象，如同没有调试信息一样
concert.lib(ilothread.obj) : warning LNK4099: 未找到 PDB“concert.pdb”(使用“concert.lib(ilothread.obj)”或在“C:\gihyu\codes\vsWorkSpace\GateAssignment\x64\Release\concert.pdb”中寻找)；正在链接对象，如同没有调试信息一样
concert.lib(ilossol.obj) : warning LNK4099: 未找到 PDB“concert.pdb”(使用“concert.lib(ilossol.obj)”或在“C:\gihyu\codes\vsWorkSpace\GateAssignment\x64\Release\concert.pdb”中寻找)；正在链接对象，如同没有调试信息一样
concert.lib(ilotypes.obj) : warning LNK4099: 未找到 PDB“concert.pdb”(使用“concert.lib(ilotypes.obj)”或在“C:\gihyu\codes\vsWorkSpace\GateAssignment\x64\Release\concert.pdb”中寻找)；正在链接对象，如同没有调试信息一样
concert.lib(iloexpression.obj) : warning LNK4099: 未找到 PDB“concert.pdb”(使用“concert.lib(iloexpression.obj)”或在“C:\gihyu\codes\vsWorkSpace\GateAssignment\x64\Release\concert.pdb”中寻找)；正在链接对象，如同没有调试信息一样
concert.lib(ilosbasic.obj) : warning LNK4099: 未找到 PDB“concert.pdb”(使用“concert.lib(ilosbasic.obj)”或在“C:\gihyu\codes\vsWorkSpace\GateAssignment\x64\Release\concert.pdb”中寻找)；正在链接对象，如同没有调试信息一样
concert.lib(iloset.obj) : warning LNK4099: 未找到 PDB“concert.pdb”(使用“concert.lib(iloset.obj)”或在“C:\gihyu\codes\vsWorkSpace\GateAssignment\x64\Release\concert.pdb”中寻找)；正在链接对象，如同没有调试信息一样
concert.lib(iloconstraint.obj) : warning LNK4099: 未找到 PDB“concert.pdb”(使用“concert.lib(iloconstraint.obj)”或在“C:\gihyu\codes\vsWorkSpace\GateAssignment\x64\Release\concert.pdb”中寻找)；正在链接对象，如同没有调试信息一样
concert.lib(iloanyexpr.obj) : warning LNK4099: 未找到 PDB“concert.pdb”(使用“concert.lib(iloanyexpr.obj)”或在“C:\gihyu\codes\vsWorkSpace\GateAssignment\x64\Release\concert.pdb”中寻找)；正在链接对象，如同没有调试信息一样
concert.lib(iloextractable.obj) : warning LNK4099: 未找到 PDB“concert.pdb”(使用“concert.lib(iloextractable.obj)”或在“C:\gihyu\codes\vsWorkSpace\GateAssignment\x64\Release\concert.pdb”中寻找)；正在链接对象，如同没有调试信息一样
concert.lib(ilomap.obj) : warning LNK4099: 未找到 PDB“concert.pdb”(使用“concert.lib(ilomap.obj)”或在“C:\gihyu\codes\vsWorkSpace\GateAssignment\x64\Release\concert.pdb”中寻找)；正在链接对象，如同没有调试信息一样
concert.lib(ilosmodel.obj) : warning LNK4099: 未找到 PDB“concert.pdb”(使用“concert.lib(ilosmodel.obj)”或在“C:\gihyu\codes\vsWorkSpace\GateAssignment\x64\Release\concert.pdb”中寻找)；正在链接对象，如同没有调试信息一样
concert.lib(ilosolution.obj) : warning LNK4099: 未找到 PDB“concert.pdb”(使用“concert.lib(ilosolution.obj)”或在“C:\gihyu\codes\vsWorkSpace\GateAssignment\x64\Release\concert.pdb”中寻找)；正在链接对象，如同没有调试信息一样
concert.lib(iloiterator.obj) : warning LNK4099: 未找到 PDB“concert.pdb”(使用“concert.lib(iloiterator.obj)”或在“C:\gihyu\codes\vsWorkSpace\GateAssignment\x64\Release\concert.pdb”中寻找)；正在链接对象，如同没有调试信息一样
concert.lib(ilossequencei.obj) : warning LNK4099: 未找到 PDB“concert.pdb”(使用“concert.lib(ilossequencei.obj)”或在“C:\gihyu\codes\vsWorkSpace\GateAssignment\x64\Release\concert.pdb”中寻找)；正在链接对象，如同没有调试信息一样
concert.lib(ilocollection.obj) : warning LNK4099: 未找到 PDB“concert.pdb”(使用“concert.lib(ilocollection.obj)”或在“C:\gihyu\codes\vsWorkSpace\GateAssignment\x64\Release\concert.pdb”中寻找)；正在链接对象，如同没有调试信息一样
concert.lib(ilocollectionstruct.obj) : warning LNK4099: 未找到 PDB“concert.pdb”(使用“concert.lib(ilocollectionstruct.obj)”或在“C:\gihyu\codes\vsWorkSpace\GateAssignment\x64\Release\concert.pdb”中寻找)；正在链接对象，如同没有调试信息一样
concert.lib(ilosimplecollection.obj) : warning LNK4099: 未找到 PDB“concert.pdb”(使用“concert.lib(ilosimplecollection.obj)”或在“C:\gihyu\codes\vsWorkSpace\GateAssignment\x64\Release\concert.pdb”中寻找)；正在链接对象，如同没有调试信息一样
concert.lib(ilocollectionoperator.obj) : warning LNK4099: 未找到 PDB“concert.pdb”(使用“concert.lib(ilocollectionoperator.obj)”或在“C:\gihyu\codes\vsWorkSpace\GateAssignment\x64\Release\concert.pdb”中寻找)；正在链接对象，如同没有调试信息一样
concert.lib(ilocollectioniterator.obj) : warning LNK4099: 未找到 PDB“concert.pdb”(使用“concert.lib(ilocollectioniterator.obj)”或在“C:\gihyu\codes\vsWorkSpace\GateAssignment\x64\Release\concert.pdb”中寻找)；正在链接对象，如同没有调试信息一样
concert.lib(iloskiplist.obj) : warning LNK4099: 未找到 PDB“concert.pdb”(使用“concert.lib(iloskiplist.obj)”或在“C:\gihyu\codes\vsWorkSpace\GateAssignment\x64\Release\concert.pdb”中寻找)；正在链接对象，如同没有调试信息一样
concert.lib(ilonumfunci.obj) : warning LNK4099: 未找到 PDB“concert.pdb”(使用“concert.lib(ilonumfunci.obj)”或在“C:\gihyu\codes\vsWorkSpace\GateAssignment\x64\Release\concert.pdb”中寻找)；正在链接对象，如同没有调试信息一样
concert.lib(iloparami.obj) : warning LNK4099: 未找到 PDB“concert.pdb”(使用“concert.lib(iloparami.obj)”或在“C:\gihyu\codes\vsWorkSpace\GateAssignment\x64\Release\concert.pdb”中寻找)；正在链接对象，如同没有调试信息一样
concert.lib(ilointervalsi.obj) : warning LNK4099: 未找到 PDB“concert.pdb”(使用“concert.lib(ilointervalsi.obj)”或在“C:\gihyu\codes\vsWorkSpace\GateAssignment\x64\Release\concert.pdb”中寻找)；正在链接对象，如同没有调试信息一样
concert.lib(evalkernel.obj) : warning LNK4099: 未找到 PDB“concert.pdb”(使用“concert.lib(evalkernel.obj)”或在“C:\gihyu\codes\vsWorkSpace\GateAssignment\x64\Release\concert.pdb”中寻找)；正在链接对象，如同没有调试信息一样
concert.lib(evaluator.obj) : warning LNK4099: 未找到 PDB“concert.pdb”(使用“concert.lib(evaluator.obj)”或在“C:\gihyu\codes\vsWorkSpace\GateAssignment\x64\Release\concert.pdb”中寻找)；正在链接对象，如同没有调试信息一样
concert.lib(evalexpand.obj) : warning LNK4099: 未找到 PDB“concert.pdb”(使用“concert.lib(evalexpand.obj)”或在“C:\gihyu\codes\vsWorkSpace\GateAssignment\x64\Release\concert.pdb”中寻找)；正在链接对象，如同没有调试信息一样
concert.lib(strtod.obj) : warning LNK4099: 未找到 PDB“concert.pdb”(使用“concert.lib(strtod.obj)”或在“C:\gihyu\codes\vsWorkSpace\GateAssignment\x64\Release\concert.pdb”中寻找)；正在链接对象，如同没有调试信息一样
  GateAssignment.vcxproj -> C:\gihyu\codes\vsWorkSpace\GateAssignment\x64\Release\GateAssignment.exe
